    WARNING: € (U+20ac) is already defined more than once on the keyboard (on VK_4, ShiftState 'Shift+Ctl+Alt' and VK_4, ShiftState 'Ctl+Alt').
    WARNING: The character ˇ (U+02c7) exists in the entry for VK_7, ShiftState 'Ctl+Alt' of the layout table and is not in the default system code page (1252) of the English (United States) language you specified. This may cause compatibility problems in non-Unicode applications.
    WARNING: ^ (U+005e) is already defined more than once on the keyboard (on VK_7, ShiftState 'Shift+Ctl+Alt' and VK_7, ShiftState 'Shift').
    WARNING: The character λ (U+03bb) exists in the entry for VK_G, ShiftState 'Ctl+Alt' of the layout table and is not in the default system code page (1252) of the English (United States) language you specified. This may cause compatibility problems in non-Unicode applications.
    WARNING: The character Λ (U+039b) exists in the entry for VK_G, ShiftState 'Shift+Ctl+Alt' of the layout table and is not in the default system code page (1252) of the English (United States) language you specified. This may cause compatibility problems in non-Unicode applications.
    WARNING: The character ┘ (U+2518) exists in the entry for VK_J, ShiftState 'Shift+Ctl+Alt' of the layout table and is not in the default system code page (1252) of the English (United States) language you specified. This may cause compatibility problems in non-Unicode applications.
    WARNING: The character ┌ (U+250c) exists in the entry for VK_P, ShiftState 'Shift+Ctl+Alt' of the layout table and is not in the default system code page (1252) of the English (United States) language you specified. This may cause compatibility problems in non-Unicode applications.
    WARNING: The character └ (U+2514) exists in the entry for VK_Q, ShiftState 'Shift+Ctl+Alt' of the layout table and is not in the default system code page (1252) of the English (United States) language you specified. This may cause compatibility problems in non-Unicode applications.
    WARNING: The character ┐ (U+2510) exists in the entry for VK_Y, ShiftState 'Shift+Ctl+Alt' of the layout table and is not in the default system code page (1252) of the English (United States) language you specified. This may cause compatibility problems in non-Unicode applications.
    WARNING: z (U+007a) is already defined more than once on the keyboard (on VK_Z, ShiftState 'Base' and VK_X, ShiftState 'Ctl+Alt').
    WARNING: Z (U+005a) is already defined more than once on the keyboard (on VK_Z, ShiftState 'Shift' and VK_X, ShiftState 'Shift+Ctl+Alt').
    WARNING: ( (U+0028) is already defined more than once on the keyboard (on VK_OEM_COMMA, ShiftState 'Ctl+Alt' and VK_9, ShiftState 'Shift').
    WARNING: ) (U+0029) is already defined more than once on the keyboard (on VK_OEM_PERIOD, ShiftState 'Ctl+Alt' and VK_0, ShiftState 'Shift').
    WARNING: / (U+002f) is already defined more than once on the keyboard (on VK_OEM_2, ShiftState 'Base' and VK_E, ShiftState 'Ctl+Alt').
    WARNING: ? (U+003f) is already defined more than once on the keyboard (on VK_OEM_2, ShiftState 'Shift' and VK_I, ShiftState 'Ctl+Alt').
    WARNING: [ (U+005b) is already defined more than once on the keyboard (on VK_OEM_4, ShiftState 'Base' and VK_Q, ShiftState 'Ctl+Alt').
    WARNING: { (U+007b) is already defined more than once on the keyboard (on VK_OEM_4, ShiftState 'Shift' and VK_P, ShiftState 'Ctl+Alt').
    WARNING: ] (U+005d) is already defined more than once on the keyboard (on VK_OEM_6, ShiftState 'Base' and VK_J, ShiftState 'Ctl+Alt').
    WARNING: } (U+007d) is already defined more than once on the keyboard (on VK_OEM_6, ShiftState 'Shift' and VK_Y, ShiftState 'Ctl+Alt').
    WARNING: ' (U+0027) is already defined more than once on the keyboard (on VK_OEM_7, ShiftState 'Base' and VK_OEM_COMMA, ShiftState 'Shift+Ctl+Alt').
    WARNING: ~ (U+007e) is already defined more than once on the keyboard (on VK_OEM_7, ShiftState 'Shift+Ctl+Alt' and VK_OEM_7, ShiftState 'Ctl+Alt').
    WARNING: ';' defined on OEM_102 (Base) but not defined elsewhere. This key may not be present on all keyboards.
    WARNING: ':' defined on OEM_102 (Shift) but not defined elsewhere. This key may not be present on all keyboards.
    WARNING: The dead key ˇ (U+02c7) when combined with c (U+0063) returns č (U+010d), but č (U+010d) is not on the default system code page (1252) of the English (United States) language you specified. This may cause compatibility problems in non-Unicode applications.
    WARNING: The dead key ˇ (U+02c7) when combined with C (U+0043) returns Č (U+010c), but Č (U+010c) is not on the default system code page (1252) of the English (United States) language you specified. This may cause compatibility problems in non-Unicode applications.
    WARNING: By convention, the last entry in the dead key table for 'ˇ' (U+02c7) should be a space (to create a spacing version of the dead key).
    WARNING: The dead key ^ (U+005e) when combined with c (U+0063) returns ĉ (U+0109), but ĉ (U+0109) is not on the default system code page (1252) of the English (United States) language you specified. This may cause compatibility problems in non-Unicode applications.
    WARNING: The dead key ^ (U+005e) when combined with C (U+0043) returns Ĉ (U+0108), but Ĉ (U+0108) is not on the default system code page (1252) of the English (United States) language you specified. This may cause compatibility problems in non-Unicode applications.
    WARNING: The dead key ^ (U+005e) when combined with h (U+0068) returns ĥ (U+0125), but ĥ (U+0125) is not on the default system code page (1252) of the English (United States) language you specified. This may cause compatibility problems in non-Unicode applications.
    WARNING: The dead key ^ (U+005e) when combined with H (U+0048) returns Ĥ (U+0124), but Ĥ (U+0124) is not on the default system code page (1252) of the English (United States) language you specified. This may cause compatibility problems in non-Unicode applications.
    WARNING: The dead key ^ (U+005e) when combined with g (U+0067) returns ĝ (U+011d), but ĝ (U+011d) is not on the default system code page (1252) of the English (United States) language you specified. This may cause compatibility problems in non-Unicode applications.
    WARNING: The dead key ^ (U+005e) when combined with G (U+0047) returns Ĝ (U+011c), but Ĝ (U+011c) is not on the default system code page (1252) of the English (United States) language you specified. This may cause compatibility problems in non-Unicode applications.
    WARNING: The dead key ^ (U+005e) when combined with j (U+006a) returns Ĵ (U+0134), but Ĵ (U+0134) is not on the default system code page (1252) of the English (United States) language you specified. This may cause compatibility problems in non-Unicode applications.
    WARNING: The dead key ^ (U+005e) when combined with J (U+004a) returns ĵ (U+0135), but ĵ (U+0135) is not on the default system code page (1252) of the English (United States) language you specified. This may cause compatibility problems in non-Unicode applications.
    WARNING: The dead key ^ (U+005e) when combined with s (U+0073) returns ŝ (U+015d), but ŝ (U+015d) is not on the default system code page (1252) of the English (United States) language you specified. This may cause compatibility problems in non-Unicode applications.
    WARNING: The dead key ^ (U+005e) when combined with S (U+0053) returns Ŝ (U+015c), but Ŝ (U+015c) is not on the default system code page (1252) of the English (United States) language you specified. This may cause compatibility problems in non-Unicode applications.
    WARNING: The dead key ^ (U+005e) when combined with y (U+0079) returns ŷ (U+0177), but ŷ (U+0177) is not on the default system code page (1252) of the English (United States) language you specified. This may cause compatibility problems in non-Unicode applications.
    WARNING: The dead key ^ (U+005e) when combined with Y (U+0059) returns Ŷ (U+0176), but Ŷ (U+0176) is not on the default system code page (1252) of the English (United States) language you specified. This may cause compatibility problems in non-Unicode applications.
    WARNING: By convention, the last entry in the dead key table for '^' (U+005e) should be a space (to create a spacing version of the dead key).
    WARNING: The dead key ' (U+0027) when combined with s (U+0073) returns ś (U+015b), but ś (U+015b) is not on the default system code page (1252) of the English (United States) language you specified. This may cause compatibility problems in non-Unicode applications.
    WARNING: The dead key ' (U+0027) when combined with S (U+0053) returns Ś (U+015a), but Ś (U+015a) is not on the default system code page (1252) of the English (United States) language you specified. This may cause compatibility problems in non-Unicode applications.
    WARNING: By convention, the last entry in the dead key table for ''' (U+0027) should be a space (to create a spacing version of the dead key).
    WARNING: The dead key ` (U+0060) when combined with y (U+0079) returns ỳ (U+1ef3), but ỳ (U+1ef3) is not on the default system code page (1252) of the English (United States) language you specified. This may cause compatibility problems in non-Unicode applications.
    WARNING: The dead key ` (U+0060) when combined with Y (U+0059) returns Ỳ (U+1ef2), but Ỳ (U+1ef2) is not on the default system code page (1252) of the English (United States) language you specified. This may cause compatibility problems in non-Unicode applications.
    WARNING: By convention, the last entry in the dead key table for '`' (U+0060) should be a space (to create a spacing version of the dead key).
    WARNING: By convention, the last entry in the dead key table for '~' (U+007e) should be a space (to create a spacing version of the dead key).
